c:\users\gco\source\repos\secure software - assignment 1\secure software - assignment 1\debug\view.obj
c:\users\gco\source\repos\secure software - assignment 1\secure software - assignment 1\debug\validation.obj
c:\users\gco\source\repos\secure software - assignment 1\secure software - assignment 1\debug\user.obj
c:\users\gco\source\repos\secure software - assignment 1\secure software - assignment 1\debug\proofofid.obj
c:\users\gco\source\repos\secure software - assignment 1\secure software - assignment 1\debug\model.obj
c:\users\gco\source\repos\secure software - assignment 1\secure software - assignment 1\debug\main.obj
c:\users\gco\source\repos\secure software - assignment 1\secure software - assignment 1\debug\light.obj
c:\users\gco\source\repos\secure software - assignment 1\secure software - assignment 1\debug\heating.obj
c:\users\gco\source\repos\secure software - assignment 1\secure software - assignment 1\debug\dehumidifier.obj
c:\users\gco\source\repos\secure software - assignment 1\secure software - assignment 1\debug\controller.obj
c:\users\gco\source\repos\secure software - assignment 1\secure software - assignment 1\debug\authenticator.obj
c:\users\gco\source\repos\secure software - assignment 1\secure software - assignment 1\debug\authenticationinfo.obj
c:\users\gco\source\repos\secure software - assignment 1\secure software - assignment 1\debug\airconditioning.obj
c:\users\gco\source\repos\secure software - assignment 1\secure software - assignment 1\debug\temperaturesensor.obj
c:\users\gco\source\repos\secure software - assignment 1\secure software - assignment 1\debug\lightsensor.obj
c:\users\gco\source\repos\secure software - assignment 1\secure software - assignment 1\debug\humiditysensor.obj
c:\users\gco\source\repos\secure software - assignment 1\debug\secure software - assignment 1.exe
c:\users\gco\source\repos\secure software - assignment 1\debug\secure software - assignment 1.ilk
c:\users\gco\source\repos\secure software - assignment 1\debug\secure software - assignment 1.pdb
c:\users\gco\source\repos\secure software - assignment 1\secure software - assignment 1\debug\secure s.740d8d71.tlog\cl.command.1.tlog
c:\users\gco\source\repos\secure software - assignment 1\secure software - assignment 1\debug\secure s.740d8d71.tlog\cl.read.1.tlog
c:\users\gco\source\repos\secure software - assignment 1\secure software - assignment 1\debug\secure s.740d8d71.tlog\cl.write.1.tlog
c:\users\gco\source\repos\secure software - assignment 1\secure software - assignment 1\debug\secure s.740d8d71.tlog\link.command.1.tlog
c:\users\gco\source\repos\secure software - assignment 1\secure software - assignment 1\debug\secure s.740d8d71.tlog\link.read.1.tlog
c:\users\gco\source\repos\secure software - assignment 1\secure software - assignment 1\debug\secure s.740d8d71.tlog\link.write.1.tlog
