  Controller.cpp
C:\Users\GCO\source\repos\Secure Software - Assignment 1\Secure Software - Assignment 1\Controller.cpp(65,51): warning C4244: 'argument': conversion from 'int' to '_Ty', possible loss of data
          with
          [
              _Ty=float
          ]
C:\Users\GCO\source\repos\Secure Software - Assignment 1\Secure Software - Assignment 1\Controller.cpp(66,50): warning C4244: 'argument': conversion from 'int' to '_Ty', possible loss of data
          with
          [
              _Ty=float
          ]
C:\Users\GCO\source\repos\Secure Software - Assignment 1\Secure Software - Assignment 1\Controller.cpp(67,52): warning C4244: 'argument': conversion from 'int' to '_Ty', possible loss of data
          with
          [
              _Ty=float
          ]
C:\Users\GCO\source\repos\Secure Software - Assignment 1\Secure Software - Assignment 1\Controller.cpp(73,26): warning C4244: '=': conversion from 'float' to 'int', possible loss of data
C:\Users\GCO\source\repos\Secure Software - Assignment 1\Secure Software - Assignment 1\Controller.cpp(74,29): warning C4244: '=': conversion from 'float' to 'int', possible loss of data
C:\Users\GCO\source\repos\Secure Software - Assignment 1\Secure Software - Assignment 1\Controller.cpp(75,31): warning C4244: '=': conversion from 'float' to 'int', possible loss of data
C:\Users\GCO\source\repos\Secure Software - Assignment 1\Secure Software - Assignment 1\Controller.cpp(243,20): warning C4018: '<': signed/unsigned mismatch
C:\Users\GCO\source\repos\Secure Software - Assignment 1\Secure Software - Assignment 1\Controller.cpp(264,19): warning C4018: '<': signed/unsigned mismatch
C:\Users\GCO\source\repos\Secure Software - Assignment 1\Secure Software - Assignment 1\Controller.cpp(293,20): warning C4018: '<': signed/unsigned mismatch
C:\Users\GCO\source\repos\Secure Software - Assignment 1\Secure Software - Assignment 1\Controller.cpp(365,64): warning C4244: 'argument': conversion from 'int' to '_Ty', possible loss of data
          with
          [
              _Ty=float
          ]
C:\Users\GCO\source\repos\Secure Software - Assignment 1\Secure Software - Assignment 1\Controller.cpp(366,62): warning C4244: 'argument': conversion from 'int' to '_Ty', possible loss of data
          with
          [
              _Ty=float
          ]
C:\Users\GCO\source\repos\Secure Software - Assignment 1\Secure Software - Assignment 1\Controller.cpp(367,69): warning C4244: 'argument': conversion from 'int' to '_Ty', possible loss of data
          with
          [
              _Ty=float
          ]
C:\Users\GCO\source\repos\Secure Software - Assignment 1\Secure Software - Assignment 1\Controller.cpp(373,33): warning C4244: 'argument': conversion from 'float' to 'const int', possible loss of data
C:\Users\GCO\source\repos\Secure Software - Assignment 1\Secure Software - Assignment 1\Controller.cpp(374,31): warning C4244: 'argument': conversion from 'float' to 'const int', possible loss of data
C:\Users\GCO\source\repos\Secure Software - Assignment 1\Secure Software - Assignment 1\Controller.cpp(375,38): warning C4244: 'argument': conversion from 'float' to 'const int', possible loss of data
LINK : warning LNK4044: unrecognized option '/ASAFESEH'; ignored
  Secure Software - Assignment 1.vcxproj -> C:\Users\GCO\source\repos\Secure Software - Assignment 1\Debug\Secure Software - Assignment 1.exe
